<?xml version="1.0" encoding="UTF-8"?>
<!-- Generated by org.testng.reporters.JUnitReportReporter -->
<testsuite hostname="User-PC" failures="0" tests="3" name="xmlstudytestNG.Test4" time="0.021" errors="0" timestamp="2022-06-14T19:14:40 IST" skipped="0">
  <testcase classname="xmlstudytestNG.Test4" name="method6" time="0.016"/>
  <system-out>
    <![CDATA[method6 is running]]>
  </system-out>
  <testcase classname="xmlstudytestNG.Test4" name="method7" time="0.003"/>
  <system-out>
    <![CDATA[method7 is running]]>
  </system-out>
  <testcase classname="xmlstudytestNG.Test4" name="method9" time="0.002"/>
  <system-out>
    <![CDATA[method9 is running]]>
  </system-out>
</testsuite> <!-- xmlstudytestNG.Test4 -->
