<?xml version="1.0" encoding="UTF-8"?>
<!-- Generated by org.testng.reporters.JUnitReportReporter -->
<testsuite hostname="User-PC" failures="0" tests="1" name="kiteAppTESTclasses.ValidateuserID" time="6.165" errors="0" timestamp="2022-06-22T15:00:37 IST" skipped="0">
  <testcase classname="kiteAppTESTclasses.ValidateuserID" name="validateuserNAME" time="6.165"/>
  <system-out>
    <![CDATA[Actual user id is  matching to Expected User id, Test Case is passed]]>
  </system-out>
</testsuite> <!-- kiteAppTESTclasses.ValidateuserID -->
