<?xml version="1.0" encoding="UTF-8"?>
<!-- Generated by org.testng.reporters.JUnitReportReporter -->
<testsuite hostname="User-PC" failures="0" tests="3" name="xmlstudytestNG.Test1" time="0.003" errors="0" timestamp="2022-06-14T19:10:17 IST" skipped="1">
  <testcase classname="xmlstudytestNG.Test1" name="method4" time="0.002"/>
  <system-out>
    <![CDATA[method4 is running]]>
  </system-out>
  <testcase classname="xmlstudytestNG.Test1" name="method1" time="0.001"/>
  <system-out>
    <![CDATA[method1 is running]]>
  </system-out>
  <testcase classname="xmlstudytestNG.Test1" name="method3">
    <skipped/>
  </testcase> <!-- method3 -->
  <system-out/>
</testsuite> <!-- xmlstudytestNG.Test1 -->
