<?xml version="1.0" encoding="UTF-8"?>
<!-- Generated by org.testng.reporters.JUnitReportReporter -->
<testsuite hostname="User-PC" failures="0" tests="3" name="seriesorparallelexecution.ParallelExecution" time="36.928" errors="0" timestamp="2022-09-07T12:34:43 IST" skipped="0">
  <testcase classname="seriesorparallelexecution.ParallelExecution" name="myMethod1" time="14.958"/>
  <system-out>
    <![CDATA[myMethod1 is running]]>
  </system-out>
  <testcase classname="seriesorparallelexecution.ParallelExecution" name="myMethod3" time="7.208"/>
  <system-out>
    <![CDATA[myMethod3 is running]]>
  </system-out>
  <testcase classname="seriesorparallelexecution.ParallelExecution" name="myMethod2" time="14.762"/>
  <system-out>
    <![CDATA[myMethod2 is running]]>
  </system-out>
</testsuite> <!-- seriesorparallelexecution.ParallelExecution -->
