<?xml version="1.0" encoding="UTF-8"?>
<!-- Generated by org.testng.reporters.JUnitReportReporter -->
<testsuite hostname="User-PC" failures="0" tests="2" name="xmlstudytestNG.Test2" time="0.014" errors="0" timestamp="2022-06-14T19:10:17 IST" skipped="1">
  <testcase classname="xmlstudytestNG.Test2" name="method6" time="0.014"/>
  <system-out>
    <![CDATA[method6 is running]]>
  </system-out>
  <testcase classname="xmlstudytestNG.Test2" name="method8">
    <skipped/>
  </testcase> <!-- method8 -->
  <system-out/>
</testsuite> <!-- xmlstudytestNG.Test2 -->
