<?xml version="1.0" encoding="UTF-8"?>
<!-- Generated by org.testng.reporters.JUnitReportReporter -->
<testsuite hostname="User-PC" failures="0" tests="1" name="kiteAppTESTclasses.KiteAppUSingProperties" time="2.930" errors="0" timestamp="2022-06-22T16:23:22 IST" skipped="0">
  <testcase classname="kiteAppTESTclasses.KiteAppUSingProperties" name="VAlidateusername" time="2.930"/>
  <system-out>
    <![CDATA[Actual user id is  matching to Expected User id, Test Case is passed]]>
  </system-out>
</testsuite> <!-- kiteAppTESTclasses.KiteAppUSingProperties -->
