<?xml version="1.0" encoding="UTF-8"?>
<!-- Generated by org.testng.reporters.JUnitReportReporter -->
<testsuite hostname="User-PC" failures="0" tests="5" name="failedtestng.Failedtest2" time="0.043" errors="0" timestamp="2022-10-09T18:58:51 IST" skipped="0">
  <testcase classname="failedtestng.Failedtest2" name="method10" time="0.030"/>
  <system-out>
    <![CDATA[method10 is running]]>
  </system-out>
  <testcase classname="failedtestng.Failedtest2" name="method6" time="0.005"/>
  <system-out>
    <![CDATA[method6 is running]]>
  </system-out>
  <testcase classname="failedtestng.Failedtest2" name="method9" time="0.003"/>
  <system-out>
    <![CDATA[method9 is running]]>
  </system-out>
  <testcase classname="failedtestng.Failedtest2" name="method7" time="0.002"/>
  <system-out>
    <![CDATA[method7 is running]]>
  </system-out>
  <testcase classname="failedtestng.Failedtest2" name="method8" time="0.003"/>
  <system-out>
    <![CDATA[method8 is running]]>
  </system-out>
</testsuite> <!-- failedtestng.Failedtest2 -->
