<?xml version="1.0" encoding="UTF-8"?>
<!-- Generated by org.testng.reporters.JUnitReportReporter -->
<testsuite hostname="User-PC" failures="0" tests="3" name="seriesorparallelexecution.SerialExecution" time="22.697" errors="0" timestamp="2022-09-07T12:35:25 IST" skipped="0">
  <testcase classname="seriesorparallelexecution.SerialExecution" name="myMethod1" time="7.360"/>
  <system-out>
    <![CDATA[myMethod1 is running]]>
  </system-out>
  <testcase classname="seriesorparallelexecution.SerialExecution" name="myMethod2" time="9.321"/>
  <system-out>
    <![CDATA[myMethod2 is running]]>
  </system-out>
  <testcase classname="seriesorparallelexecution.SerialExecution" name="myMethod3" time="6.016"/>
  <system-out>
    <![CDATA[myMethod3 is running]]>
  </system-out>
</testsuite> <!-- seriesorparallelexecution.SerialExecution -->
