<?xml version="1.0" encoding="UTF-8"?>
<!-- Generated by org.testng.reporters.JUnitReportReporter -->
<testsuite hostname="User-PC" failures="0" tests="3" name="xmlstudytestNG.Test3" time="0.006" errors="0" timestamp="2022-06-14T19:14:40 IST" skipped="0">
  <testcase classname="xmlstudytestNG.Test3" name="method2" time="0.001"/>
  <system-out>
    <![CDATA[method2 is running]]>
  </system-out>
  <testcase classname="xmlstudytestNG.Test3" name="method4" time="0.003"/>
  <system-out>
    <![CDATA[method4 is running]]>
  </system-out>
  <testcase classname="xmlstudytestNG.Test3" name="method5" time="0.002"/>
  <system-out>
    <![CDATA[method5 is running]]>
  </system-out>
</testsuite> <!-- xmlstudytestNG.Test3 -->
