<?xml version="1.0" encoding="UTF-8"?>
<!-- Generated by org.testng.reporters.JUnitReportReporter -->
<testsuite hostname="User-PC" failures="0" tests="2" name="TestNGlistnerStudy.MyTestclass2" time="0.004" errors="0" timestamp="2022-06-28T00:07:42 IST" skipped="0">
  <testcase classname="TestNGlistnerStudy.MyTestclass2" name="Chandrapur" time="0.002"/>
  <system-out>
    <![CDATA[Chandrapur TC is Running
Test Case is Passed]]>
  </system-out>
  <testcase classname="TestNGlistnerStudy.MyTestclass2" name="Nashik" time="0.002"/>
  <system-out>
    <![CDATA[Nashik TC is Running
Test Case is Passed]]>
  </system-out>
</testsuite> <!-- TestNGlistnerStudy.MyTestclass2 -->
