<?xml version="1.0" encoding="UTF-8"?>
<!-- Generated by org.testng.reporters.JUnitReportReporter -->
<testsuite hostname="User-PC" failures="0" tests="3" name="testNG.MyTestClass" time="13.648" errors="0" timestamp="2022-09-07T13:50:10 IST" skipped="0">
  <testcase classname="testNG.MyTestClass" name="myMethod1" time="4.314"/>
  <system-out/>
  <testcase classname="testNG.MyTestClass" name="myMethod2" time="4.565"/>
  <system-out>
    <![CDATA[myMethod2 is running]]>
  </system-out>
  <testcase classname="testNG.MyTestClass" name="myMethod3" time="4.769"/>
  <system-out>
    <![CDATA[myMethod3 is running]]>
  </system-out>
</testsuite> <!-- testNG.MyTestClass -->
